Using pre-set license
Built from '2020.2/release' branch; Version is '2020.2.1f1 (270dd8c3da1c) revision 2559448'; Using compiler version '192528614'; Build Type 'Release'
OS: 'Windows 10  (10.0.0) 64bit' Language: 'ru' Physical Memory: 8042 MB
BatchMode: 1, IsHumanControllingUs: 0, StartBugReporterOnCrash: 0, Is64bit: 1, IsPro: 0

 COMMAND LINE ARGUMENTS:
C:\Program Files\Unity\Hub\Editor\2020.2.1f1\Editor\Unity.exe
-adb2
-batchMode
-noUpm
-name
AssetImportWorker0
-projectPath
D:/Unity Projects/Test Task
-logFile
Logs/AssetImportWorker0.log
-srvPort
59357
Successfully changed project path to: D:/Unity Projects/Test Task
D:/Unity Projects/Test Task
Using Asset Import Pipeline V2.
Refreshing native plugins compatible for Editor in 23.22 ms, found 0 plugins.
Preloading 0 native plugins for Editor in 0.00 ms.
Initialize engine version: 2020.2.1f1 (270dd8c3da1c)
[Subsystems] Discovering subsystems at path C:/Program Files/Unity/Hub/Editor/2020.2.1f1/Editor/Data/Resources/UnitySubsystems
[Subsystems] Discovering subsystems at path D:/Unity Projects/Test Task/Assets
GfxDevice: creating device client; threaded=0
Direct3D:
    Version:  Direct3D 11.0 [level 11.1]
    Renderer: NVIDIA GeForce GTX 1050 (ID=0x1c91)
    Vendor:   
    VRAM:     2996 MB
    Driver:   26.21.14.4292
Initialize mono
Mono path[0] = 'C:/Program Files/Unity/Hub/Editor/2020.2.1f1/Editor/Data/Managed'
Mono path[1] = 'C:/Program Files/Unity/Hub/Editor/2020.2.1f1/Editor/Data/MonoBleedingEdge/lib/mono/unityjit'
Mono config path = 'C:/Program Files/Unity/Hub/Editor/2020.2.1f1/Editor/Data/MonoBleedingEdge/etc'
Using monoOptions --debugger-agent=transport=dt_socket,embedding=1,server=y,suspend=n,address=127.0.0.1:56060
Begin MonoManager ReloadAssembly
Registering precompiled unity dll's ...
Register platform support module: C:/Program Files/Unity/Hub/Editor/2020.2.1f1/Editor/Data/PlaybackEngines/WindowsStandaloneSupport/UnityEditor.WindowsStandalone.Extensions.dll
Registered in 0.003099 seconds.
Native extension for WindowsStandalone target not found
Refreshing native plugins compatible for Editor in 27.70 ms, found 0 plugins.
Preloading 0 native plugins for Editor in 0.00 ms.
Invoked RoslynAnalysisRunner static constructor.
RoslynAnalysisRunner will not be running.
RoslynAnalysisRunner has terminated.
Mono: successfully reloaded assembly
- Completed reload, in  2.572 seconds
Platform modules already initialized, skipping
Registering precompiled user dll's ...
Registered in 0.000508 seconds.
Begin MonoManager ReloadAssembly
Native extension for WindowsStandalone target not found
Refreshing native plugins compatible for Editor in 0.24 ms, found 0 plugins.
Preloading 0 native plugins for Editor in 0.00 ms.
Invoked RoslynAnalysisRunner static constructor.
RoslynAnalysisRunner will not be running.
RoslynAnalysisRunner has terminated.
Mono: successfully reloaded assembly
- Completed reload, in  2.624 seconds
Platform modules already initialized, skipping
========================================================================
Worker process is ready to serve import requests
Launched and connected shader compiler UnityShaderCompiler.exe after 0.07 seconds
Refreshing native plugins compatible for Editor in 0.25 ms, found 0 plugins.
Preloading 0 native plugins for Editor in 0.00 ms.
Unloading 1278 Unused Serialized files (Serialized files now loaded: 0)
System memory in use before: 65.2 MB.
System memory in use after: 65.2 MB.

Unloading 11 unused Assets to reduce memory usage. Loaded Objects now: 1728.
Total: 2.350300 ms (FindLiveObjects: 0.495500 ms CreateObjectMapping: 0.230500 ms MarkObjects: 1.555000 ms  DeleteObjects: 0.067600 ms)

========================================================================
Received Import Request.
  path: Assets/Scripts/TouchListener.cs
  artifactKey: Guid(1138c5ec595b16a47bee307a4d947c1b) Importer(815301076,1909f56bfc062723c751e8b465ee728b)
Start importing Assets/Scripts/TouchListener.cs using Guid(1138c5ec595b16a47bee307a4d947c1b) Importer(815301076,1909f56bfc062723c751e8b465ee728b)  -> (artifact id: '536861c15defb900ba6688e4853d4373') in 0.073725 seconds
  Import took 0.282522 seconds .

========================================================================
Received Import Request.
  Time since last request: 24.154059 seconds.
  path: Assets/Scripts/TouchListener.cs
  artifactKey: Guid(1138c5ec595b16a47bee307a4d947c1b) Importer(815301076,1909f56bfc062723c751e8b465ee728b)
Start importing Assets/Scripts/TouchListener.cs using Guid(1138c5ec595b16a47bee307a4d947c1b) Importer(815301076,1909f56bfc062723c751e8b465ee728b)  -> (artifact id: 'b8a60cab22e2e7c367c187b250b7786d') in 0.001986 seconds
  Import took 0.146275 seconds .

========================================================================
Received Import Request.
  Time since last request: 31.144878 seconds.
  path: Assets/Scripts/TouchListener.cs
  artifactKey: Guid(1138c5ec595b16a47bee307a4d947c1b) Importer(815301076,1909f56bfc062723c751e8b465ee728b)
Start importing Assets/Scripts/TouchListener.cs using Guid(1138c5ec595b16a47bee307a4d947c1b) Importer(815301076,1909f56bfc062723c751e8b465ee728b)  -> (artifact id: 'e7bb38cc1c0ac3d1ffed3278c92b5fba') in 0.001845 seconds
  Import took 0.042171 seconds .

========================================================================
Received Import Request.
  Time since last request: 9.057601 seconds.
  path: Assets/Scripts/TouchListener.cs
  artifactKey: Guid(1138c5ec595b16a47bee307a4d947c1b) Importer(815301076,1909f56bfc062723c751e8b465ee728b)
Start importing Assets/Scripts/TouchListener.cs using Guid(1138c5ec595b16a47bee307a4d947c1b) Importer(815301076,1909f56bfc062723c751e8b465ee728b)  -> (artifact id: '1aaf4aa324eec27f34d4b209b98a6985') in 0.002130 seconds
  Import took 0.020108 seconds .

========================================================================
Received Import Request.
  Time since last request: 3.072645 seconds.
  path: Assets/Scripts/TouchListener.cs
  artifactKey: Guid(1138c5ec595b16a47bee307a4d947c1b) Importer(815301076,1909f56bfc062723c751e8b465ee728b)
Start importing Assets/Scripts/TouchListener.cs using Guid(1138c5ec595b16a47bee307a4d947c1b) Importer(815301076,1909f56bfc062723c751e8b465ee728b)  -> (artifact id: '48e4234dc85571c6dbda6649ac7b742e') in 0.001913 seconds
  Import took 0.009970 seconds .

========================================================================
Received Import Request.
  Time since last request: 21.905355 seconds.
  path: Assets/Scripts/TouchListener.cs
  artifactKey: Guid(1138c5ec595b16a47bee307a4d947c1b) Importer(815301076,1909f56bfc062723c751e8b465ee728b)
Start importing Assets/Scripts/TouchListener.cs using Guid(1138c5ec595b16a47bee307a4d947c1b) Importer(815301076,1909f56bfc062723c751e8b465ee728b)  -> (artifact id: '34253df68dbe4e7150c4f9160fc65410') in 0.001743 seconds
  Import took 0.021604 seconds .

========================================================================
Received Import Request.
  Time since last request: 6.039305 seconds.
  path: Assets/Scripts/TouchListener.cs
  artifactKey: Guid(1138c5ec595b16a47bee307a4d947c1b) Importer(815301076,1909f56bfc062723c751e8b465ee728b)
Start importing Assets/Scripts/TouchListener.cs using Guid(1138c5ec595b16a47bee307a4d947c1b) Importer(815301076,1909f56bfc062723c751e8b465ee728b)  -> (artifact id: '172a287059fe60d30ce9f4b74a7a3aec') in 0.001775 seconds
  Import took 0.078886 seconds .

========================================================================
Received Import Request.
  Time since last request: 9.095837 seconds.
  path: Assets/Scripts/TouchListener.cs
  artifactKey: Guid(1138c5ec595b16a47bee307a4d947c1b) Importer(815301076,1909f56bfc062723c751e8b465ee728b)
Start importing Assets/Scripts/TouchListener.cs using Guid(1138c5ec595b16a47bee307a4d947c1b) Importer(815301076,1909f56bfc062723c751e8b465ee728b)  -> (artifact id: 'c2b994f561022a68053327dce3f9c2b1') in 0.001866 seconds
  Import took 0.078102 seconds .

========================================================================
Received Import Request.
  Time since last request: 2.619947 seconds.
  path: Assets/Scripts/TouchListener.cs
  artifactKey: Guid(1138c5ec595b16a47bee307a4d947c1b) Importer(815301076,1909f56bfc062723c751e8b465ee728b)
Start importing Assets/Scripts/TouchListener.cs using Guid(1138c5ec595b16a47bee307a4d947c1b) Importer(815301076,1909f56bfc062723c751e8b465ee728b)  -> (artifact id: 'a3206183a45bcae696553415f2dd0796') in 0.002008 seconds
  Import took 0.037787 seconds .

========================================================================
Received Import Request.
  Time since last request: 6.744288 seconds.
  path: Assets/Scripts/TouchListener.cs
  artifactKey: Guid(1138c5ec595b16a47bee307a4d947c1b) Importer(815301076,1909f56bfc062723c751e8b465ee728b)
Start importing Assets/Scripts/TouchListener.cs using Guid(1138c5ec595b16a47bee307a4d947c1b) Importer(815301076,1909f56bfc062723c751e8b465ee728b)  -> (artifact id: 'a99160262b6d977691f241211bc5b40a') in 0.001769 seconds
  Import took 0.200928 seconds .

========================================================================
Received Prepare
Registering precompiled user dll's ...
Registered in 0.000510 seconds.
Begin MonoManager ReloadAssembly
Native extension for WindowsStandalone target not found
Refreshing native plugins compatible for Editor in 0.22 ms, found 0 plugins.
Preloading 0 native plugins for Editor in 0.00 ms.
Invoked RoslynAnalysisRunner static constructor.
RoslynAnalysisRunner will not be running.
RoslynAnalysisRunner has terminated.
Mono: successfully reloaded assembly
- Completed reload, in  0.932 seconds
Platform modules already initialized, skipping
Refreshing native plugins compatible for Editor in 0.21 ms, found 0 plugins.
Preloading 0 native plugins for Editor in 0.00 ms.
Unloading 1261 Unused Serialized files (Serialized files now loaded: 0)
System memory in use before: 64.0 MB.
System memory in use after: 64.1 MB.

Unloading 6 unused Assets to reduce memory usage. Loaded Objects now: 1731.
Total: 1.697700 ms (FindLiveObjects: 0.146400 ms CreateObjectMapping: 0.037200 ms MarkObjects: 1.469100 ms  DeleteObjects: 0.043600 ms)

========================================================================
Received Prepare
Refreshing native plugins compatible for Editor in 0.66 ms, found 0 plugins.
Preloading 0 native plugins for Editor in 0.00 ms.
Unloading 6 Unused Serialized files (Serialized files now loaded: 0)
System memory in use before: 39.7 MB.
System memory in use after: 39.8 MB.

Unloading 3 unused Assets to reduce memory usage. Loaded Objects now: 1731.
Total: 1.728300 ms (FindLiveObjects: 0.173200 ms CreateObjectMapping: 0.048600 ms MarkObjects: 1.455100 ms  DeleteObjects: 0.049600 ms)

AssetImportWorkerClient::OnTransportError - code=2 error=End of file
